{"C:\\Users\\TV91\\Coding\\FutureProof\\LAP1\\project-forks\\client\\entry.js": {"path":"C:\\Users\\TV91\\Coding\\FutureProof\\LAP1\\project-forks\\client\\entry.js","statementMap":{"0":{"start":{"line":3,"column":19},"end":{"line":3,"column":56}},"1":{"start":{"line":4,"column":22},"end":{"line":4,"column":62}},"2":{"start":{"line":6,"column":21},"end":{"line":6,"column":60}},"3":{"start":{"line":7,"column":22},"end":{"line":7,"column":64}},"4":{"start":{"line":9,"column":0},"end":{"line":9,"column":45}},"5":{"start":{"line":10,"column":0},"end":{"line":10,"column":48}},"6":{"start":{"line":13,"column":2},"end":{"line":13,"column":25}},"7":{"start":{"line":14,"column":2},"end":{"line":14,"column":37}},"8":{"start":{"line":17,"column":22},"end":{"line":17,"column":56}},"9":{"start":{"line":19,"column":25},"end":{"line":19,"column":70}},"10":{"start":{"line":21,"column":13},"end":{"line":21,"column":52}},"11":{"start":{"line":22,"column":0},"end":{"line":22,"column":45}},"12":{"start":{"line":24,"column":0},"end":{"line":24,"column":38}},"13":{"start":{"line":25,"column":17},"end":{"line":25,"column":51}},"14":{"start":{"line":26,"column":0},"end":{"line":26,"column":29}},"15":{"start":{"line":30,"column":2},"end":{"line":56,"column":12}},"16":{"start":{"line":31,"column":4},"end":{"line":31,"column":27}},"17":{"start":{"line":32,"column":15},"end":{"line":34,"column":5}},"18":{"start":{"line":35,"column":20},"end":{"line":42,"column":5}},"19":{"start":{"line":43,"column":21},"end":{"line":46,"column":5}},"20":{"start":{"line":47,"column":25},"end":{"line":47,"column":46}},"21":{"start":{"line":50,"column":28},"end":{"line":50,"column":67}},"22":{"start":{"line":51,"column":4},"end":{"line":51,"column":55}},"23":{"start":{"line":52,"column":4},"end":{"line":52,"column":73}},"24":{"start":{"line":53,"column":4},"end":{"line":53,"column":54}},"25":{"start":{"line":54,"column":4},"end":{"line":54,"column":66}},"26":{"start":{"line":54,"column":42},"end":{"line":54,"column":64}},"27":{"start":{"line":55,"column":4},"end":{"line":55,"column":35}},"28":{"start":{"line":61,"column":2},"end":{"line":79,"column":11}},"29":{"start":{"line":62,"column":19},"end":{"line":62,"column":80}},"30":{"start":{"line":63,"column":23},"end":{"line":63,"column":44}},"31":{"start":{"line":64,"column":4},"end":{"line":64,"column":35}},"32":{"start":{"line":65,"column":4},"end":{"line":65,"column":35}},"33":{"start":{"line":66,"column":4},"end":{"line":66,"column":45}},"34":{"start":{"line":67,"column":4},"end":{"line":67,"column":46}},"35":{"start":{"line":68,"column":4},"end":{"line":68,"column":48}},"36":{"start":{"line":70,"column":4},"end":{"line":74,"column":5}},"37":{"start":{"line":71,"column":21},"end":{"line":71,"column":50}},"38":{"start":{"line":72,"column":6},"end":{"line":72,"column":51}},"39":{"start":{"line":73,"column":6},"end":{"line":73,"column":42}},"40":{"start":{"line":76,"column":19},"end":{"line":76,"column":35}},"41":{"start":{"line":77,"column":4},"end":{"line":77,"column":58}},"42":{"start":{"line":77,"column":34},"end":{"line":77,"column":56}},"43":{"start":{"line":78,"column":4},"end":{"line":78,"column":27}},"44":{"start":{"line":84,"column":12},"end":{"line":84,"column":41}},"45":{"start":{"line":85,"column":2},"end":{"line":85,"column":28}},"46":{"start":{"line":86,"column":2},"end":{"line":86,"column":36}},"47":{"start":{"line":92,"column":20},"end":{"line":92,"column":44}},"48":{"start":{"line":93,"column":26},"end":{"line":93,"column":65}},"49":{"start":{"line":94,"column":22},"end":{"line":94,"column":53}},"50":{"start":{"line":96,"column":2},"end":{"line":96,"column":48}},"51":{"start":{"line":97,"column":2},"end":{"line":97,"column":45}},"52":{"start":{"line":98,"column":2},"end":{"line":98,"column":70}},"53":{"start":{"line":98,"column":45},"end":{"line":98,"column":68}},"54":{"start":{"line":100,"column":2},"end":{"line":100,"column":48}},"55":{"start":{"line":101,"column":2},"end":{"line":101,"column":45}},"56":{"start":{"line":102,"column":2},"end":{"line":102,"column":70}},"57":{"start":{"line":102,"column":45},"end":{"line":102,"column":68}},"58":{"start":{"line":104,"column":2},"end":{"line":104,"column":52}},"59":{"start":{"line":105,"column":2},"end":{"line":105,"column":47}},"60":{"start":{"line":106,"column":2},"end":{"line":106,"column":74}},"61":{"start":{"line":106,"column":47},"end":{"line":106,"column":72}},"62":{"start":{"line":108,"column":2},"end":{"line":108,"column":42}},"63":{"start":{"line":109,"column":2},"end":{"line":113,"column":3}},"64":{"start":{"line":110,"column":4},"end":{"line":110,"column":59}},"65":{"start":{"line":112,"column":4},"end":{"line":112,"column":60}},"66":{"start":{"line":116,"column":26},"end":{"line":116,"column":31}},"67":{"start":{"line":117,"column":26},"end":{"line":117,"column":31}},"68":{"start":{"line":118,"column":24},"end":{"line":118,"column":29}},"69":{"start":{"line":122,"column":2},"end":{"line":130,"column":3}},"70":{"start":{"line":123,"column":4},"end":{"line":123,"column":31}},"71":{"start":{"line":124,"column":4},"end":{"line":124,"column":32}},"72":{"start":{"line":125,"column":21},"end":{"line":125,"column":36}},"73":{"start":{"line":126,"column":4},"end":{"line":128,"column":11}},"74":{"start":{"line":126,"column":9},"end":{"line":126,"column":28}},"75":{"start":{"line":127,"column":4},"end":{"line":127,"column":32}},"76":{"start":{"line":132,"column":2},"end":{"line":138,"column":3}},"77":{"start":{"line":133,"column":4},"end":{"line":133,"column":31}},"78":{"start":{"line":134,"column":4},"end":{"line":134,"column":32}},"79":{"start":{"line":135,"column":21},"end":{"line":135,"column":36}},"80":{"start":{"line":136,"column":4},"end":{"line":136,"column":23}},"81":{"start":{"line":137,"column":4},"end":{"line":137,"column":32}},"82":{"start":{"line":140,"column":2},"end":{"line":146,"column":3}},"83":{"start":{"line":141,"column":4},"end":{"line":141,"column":29}},"84":{"start":{"line":142,"column":4},"end":{"line":142,"column":34}},"85":{"start":{"line":143,"column":21},"end":{"line":143,"column":36}},"86":{"start":{"line":144,"column":4},"end":{"line":144,"column":23}},"87":{"start":{"line":145,"column":4},"end":{"line":145,"column":32}},"88":{"start":{"line":150,"column":14},"end":{"line":150,"column":19}},"89":{"start":{"line":151,"column":15},"end":{"line":151,"column":53}},"90":{"start":{"line":152,"column":15},"end":{"line":152,"column":28}},"91":{"start":{"line":153,"column":12},"end":{"line":153,"column":28}},"92":{"start":{"line":154,"column":2},"end":{"line":157,"column":4}},"93":{"start":{"line":158,"column":2},"end":{"line":158,"column":44}},"94":{"start":{"line":162,"column":2},"end":{"line":180,"column":11}},"95":{"start":{"line":163,"column":15},"end":{"line":165,"column":5}},"96":{"start":{"line":166,"column":20},"end":{"line":173,"column":5}},"97":{"start":{"line":174,"column":21},"end":{"line":177,"column":5}},"98":{"start":{"line":178,"column":25},"end":{"line":178,"column":46}},"99":{"start":{"line":179,"column":4},"end":{"line":179,"column":30}},"100":{"start":{"line":183,"column":0},"end":{"line":185,"column":10}},"101":{"start":{"line":184,"column":2},"end":{"line":184,"column":137}}},"fnMap":{"0":{"name":"goHome","decl":{"start":{"line":12,"column":9},"end":{"line":12,"column":15}},"loc":{"start":{"line":12,"column":18},"end":{"line":15,"column":1}},"line":12},"1":{"name":"postComment","decl":{"start":{"line":29,"column":15},"end":{"line":29,"column":26}},"loc":{"start":{"line":29,"column":34},"end":{"line":58,"column":1}},"line":29},"2":{"name":"(anonymous_2)","decl":{"start":{"line":54,"column":29},"end":{"line":54,"column":30}},"loc":{"start":{"line":54,"column":42},"end":{"line":54,"column":64}},"line":54},"3":{"name":"getJournalWithId","decl":{"start":{"line":60,"column":15},"end":{"line":60,"column":31}},"loc":{"start":{"line":60,"column":36},"end":{"line":81,"column":1}},"line":60},"4":{"name":"(anonymous_4)","decl":{"start":{"line":77,"column":21},"end":{"line":77,"column":22}},"loc":{"start":{"line":77,"column":34},"end":{"line":77,"column":56}},"line":77},"5":{"name":"createComment","decl":{"start":{"line":83,"column":9},"end":{"line":83,"column":22}},"loc":{"start":{"line":83,"column":32},"end":{"line":87,"column":1}},"line":83},"6":{"name":"renderInteractionBar","decl":{"start":{"line":91,"column":9},"end":{"line":91,"column":29}},"loc":{"start":{"line":91,"column":32},"end":{"line":114,"column":1}},"line":91},"7":{"name":"(anonymous_7)","decl":{"start":{"line":98,"column":39},"end":{"line":98,"column":40}},"loc":{"start":{"line":98,"column":45},"end":{"line":98,"column":68}},"line":98},"8":{"name":"(anonymous_8)","decl":{"start":{"line":102,"column":39},"end":{"line":102,"column":40}},"loc":{"start":{"line":102,"column":45},"end":{"line":102,"column":68}},"line":102},"9":{"name":"(anonymous_9)","decl":{"start":{"line":106,"column":41},"end":{"line":106,"column":42}},"loc":{"start":{"line":106,"column":47},"end":{"line":106,"column":72}},"line":106},"10":{"name":"incrementCount","decl":{"start":{"line":120,"column":9},"end":{"line":120,"column":23}},"loc":{"start":{"line":120,"column":31},"end":{"line":147,"column":1}},"line":120},"11":{"name":"changeInnerHTML","decl":{"start":{"line":149,"column":9},"end":{"line":149,"column":24}},"loc":{"start":{"line":149,"column":39},"end":{"line":159,"column":1}},"line":149},"12":{"name":"sendEmojiUpdate","decl":{"start":{"line":161,"column":15},"end":{"line":161,"column":30}},"loc":{"start":{"line":161,"column":39},"end":{"line":181,"column":1}},"line":161}},"branchMap":{"0":{"loc":{"start":{"line":70,"column":4},"end":{"line":74,"column":5}},"type":"if","locations":[{"start":{"line":70,"column":4},"end":{"line":74,"column":5}},{"start":{"line":70,"column":4},"end":{"line":74,"column":5}}],"line":70},"1":{"loc":{"start":{"line":109,"column":2},"end":{"line":113,"column":3}},"type":"if","locations":[{"start":{"line":109,"column":2},"end":{"line":113,"column":3}},{"start":{"line":109,"column":2},"end":{"line":113,"column":3}}],"line":109},"2":{"loc":{"start":{"line":122,"column":2},"end":{"line":130,"column":3}},"type":"if","locations":[{"start":{"line":122,"column":2},"end":{"line":130,"column":3}},{"start":{"line":122,"column":2},"end":{"line":130,"column":3}}],"line":122},"3":{"loc":{"start":{"line":122,"column":6},"end":{"line":122,"column":47}},"type":"binary-expr","locations":[{"start":{"line":122,"column":6},"end":{"line":122,"column":23}},{"start":{"line":122,"column":27},"end":{"line":122,"column":47}}],"line":122},"4":{"loc":{"start":{"line":132,"column":2},"end":{"line":138,"column":3}},"type":"if","locations":[{"start":{"line":132,"column":2},"end":{"line":138,"column":3}},{"start":{"line":132,"column":2},"end":{"line":138,"column":3}}],"line":132},"5":{"loc":{"start":{"line":132,"column":6},"end":{"line":132,"column":47}},"type":"binary-expr","locations":[{"start":{"line":132,"column":6},"end":{"line":132,"column":23}},{"start":{"line":132,"column":27},"end":{"line":132,"column":47}}],"line":132},"6":{"loc":{"start":{"line":140,"column":2},"end":{"line":146,"column":3}},"type":"if","locations":[{"start":{"line":140,"column":2},"end":{"line":146,"column":3}},{"start":{"line":140,"column":2},"end":{"line":146,"column":3}}],"line":140},"7":{"loc":{"start":{"line":140,"column":6},"end":{"line":140,"column":47}},"type":"binary-expr","locations":[{"start":{"line":140,"column":6},"end":{"line":140,"column":25}},{"start":{"line":140,"column":29},"end":{"line":140,"column":47}}],"line":140}},"s":{"0":1,"1":1,"2":1,"3":1,"4":1,"5":1,"6":0,"7":0,"8":1,"9":1,"10":1,"11":1,"12":1,"13":1,"14":1,"15":1,"16":1,"17":1,"18":1,"19":1,"20":1,"21":0,"22":0,"23":0,"24":0,"25":0,"26":0,"27":0,"28":2,"29":2,"30":2,"31":0,"32":0,"33":0,"34":0,"35":0,"36":0,"37":0,"38":0,"39":0,"40":0,"41":0,"42":0,"43":0,"44":1,"45":1,"46":1,"47":1,"48":1,"49":1,"50":1,"51":1,"52":1,"53":0,"54":1,"55":1,"56":1,"57":0,"58":1,"59":1,"60":1,"61":0,"62":1,"63":1,"64":0,"65":1,"66":1,"67":1,"68":1,"69":1,"70":1,"71":1,"72":0,"73":0,"74":0,"75":0,"76":0,"77":0,"78":0,"79":0,"80":0,"81":0,"82":0,"83":0,"84":0,"85":0,"86":0,"87":0,"88":2,"89":2,"90":1,"91":1,"92":1,"93":1,"94":1,"95":1,"96":1,"97":1,"98":1,"99":0,"100":1,"101":1},"f":{"0":0,"1":1,"2":0,"3":2,"4":0,"5":1,"6":1,"7":0,"8":0,"9":0,"10":1,"11":2,"12":1},"b":{"0":[0,0],"1":[0,1],"2":[1,0],"3":[1,1],"4":[0,0],"5":[0,0],"6":[0,0],"7":[0,0]},"_coverageSchema":"1a1c01bbd47fc00a2c39e90264f33305004495a9","hash":"7d8c99d712173fd9621e64381cd8893cbbfe3c11"}
,"C:\\Users\\TV91\\Coding\\FutureProof\\LAP1\\project-forks\\client\\home.js": {"path":"C:\\Users\\TV91\\Coding\\FutureProof\\LAP1\\project-forks\\client\\home.js","statementMap":{"0":{"start":{"line":20,"column":22},"end":{"line":20,"column":26}},"1":{"start":{"line":35,"column":13},"end":{"line":35,"column":17}},"2":{"start":{"line":36,"column":18},"end":{"line":36,"column":55}},"3":{"start":{"line":37,"column":17},"end":{"line":37,"column":47}},"4":{"start":{"line":38,"column":18},"end":{"line":38,"column":55}},"5":{"start":{"line":39,"column":0},"end":{"line":39,"column":50}},"6":{"start":{"line":42,"column":2},"end":{"line":60,"column":5}},"7":{"start":{"line":43,"column":19},"end":{"line":43,"column":53}},"8":{"start":{"line":44,"column":16},"end":{"line":44,"column":63}},"9":{"start":{"line":45,"column":23},"end":{"line":45,"column":38}},"10":{"start":{"line":46,"column":19},"end":{"line":49,"column":5}},"11":{"start":{"line":50,"column":4},"end":{"line":52,"column":6}},"12":{"start":{"line":51,"column":6},"end":{"line":51,"column":47}},"13":{"start":{"line":54,"column":21},"end":{"line":54,"column":37}},"14":{"start":{"line":55,"column":25},"end":{"line":55,"column":46}},"15":{"start":{"line":56,"column":4},"end":{"line":56,"column":41}},"16":{"start":{"line":57,"column":4},"end":{"line":57,"column":41}},"17":{"start":{"line":59,"column":6},"end":{"line":59,"column":25}},"18":{"start":{"line":65,"column":11},"end":{"line":65,"column":51}},"19":{"start":{"line":66,"column":20},"end":{"line":66,"column":60}},"20":{"start":{"line":67,"column":19},"end":{"line":67,"column":58}},"21":{"start":{"line":68,"column":17},"end":{"line":68,"column":56}},"22":{"start":{"line":70,"column":0},"end":{"line":70,"column":28}},"23":{"start":{"line":72,"column":0},"end":{"line":72,"column":52}},"24":{"start":{"line":75,"column":2},"end":{"line":75,"column":31}},"25":{"start":{"line":78,"column":0},"end":{"line":78,"column":49}},"26":{"start":{"line":81,"column":2},"end":{"line":81,"column":30}},"27":{"start":{"line":84,"column":0},"end":{"line":84,"column":48}},"28":{"start":{"line":87,"column":2},"end":{"line":87,"column":25}},"29":{"start":{"line":88,"column":2},"end":{"line":92,"column":3}},"30":{"start":{"line":89,"column":4},"end":{"line":91,"column":6}},"31":{"start":{"line":93,"column":2},"end":{"line":117,"column":3}},"32":{"start":{"line":94,"column":20},"end":{"line":101,"column":5}},"33":{"start":{"line":102,"column":17},"end":{"line":106,"column":5}},"34":{"start":{"line":108,"column":21},"end":{"line":111,"column":5}},"35":{"start":{"line":112,"column":25},"end":{"line":112,"column":46}},"36":{"start":{"line":113,"column":4},"end":{"line":113,"column":30}},"37":{"start":{"line":114,"column":4},"end":{"line":114,"column":22}},"38":{"start":{"line":116,"column":4},"end":{"line":116,"column":23}},"39":{"start":{"line":120,"column":24},"end":{"line":120,"column":59}},"40":{"start":{"line":123,"column":2},"end":{"line":129,"column":3}},"41":{"start":{"line":124,"column":19},"end":{"line":124,"column":80}},"42":{"start":{"line":125,"column":23},"end":{"line":125,"column":44}},"43":{"start":{"line":126,"column":4},"end":{"line":126,"column":24}},"44":{"start":{"line":128,"column":4},"end":{"line":128,"column":23}},"45":{"start":{"line":133,"column":2},"end":{"line":144,"column":3}},"46":{"start":{"line":134,"column":4},"end":{"line":134,"column":37}},"47":{"start":{"line":135,"column":4},"end":{"line":135,"column":38}},"48":{"start":{"line":136,"column":4},"end":{"line":136,"column":23}},"49":{"start":{"line":137,"column":4},"end":{"line":137,"column":52}},"50":{"start":{"line":137,"column":31},"end":{"line":137,"column":50}},"51":{"start":{"line":138,"column":24},"end":{"line":138,"column":67}},"52":{"start":{"line":139,"column":4},"end":{"line":141,"column":6}},"53":{"start":{"line":140,"column":6},"end":{"line":140,"column":58}},"54":{"start":{"line":143,"column":4},"end":{"line":143,"column":23}},"55":{"start":{"line":148,"column":11},"end":{"line":148,"column":26}},"56":{"start":{"line":149,"column":2},"end":{"line":149,"column":41}},"57":{"start":{"line":150,"column":2},"end":{"line":150,"column":38}},"58":{"start":{"line":151,"column":2},"end":{"line":151,"column":18}},"59":{"start":{"line":155,"column":18},"end":{"line":155,"column":47}},"60":{"start":{"line":156,"column":2},"end":{"line":156,"column":43}},"61":{"start":{"line":157,"column":13},"end":{"line":162,"column":8}},"62":{"start":{"line":163,"column":2},"end":{"line":163,"column":29}},"63":{"start":{"line":164,"column":2},"end":{"line":164,"column":43}},"64":{"start":{"line":168,"column":17},"end":{"line":168,"column":53}},"65":{"start":{"line":169,"column":0},"end":{"line":169,"column":49}},"66":{"start":{"line":172,"column":2},"end":{"line":172,"column":25}},"67":{"start":{"line":173,"column":18},"end":{"line":173,"column":41}},"68":{"start":{"line":174,"column":2},"end":{"line":176,"column":3}},"69":{"start":{"line":175,"column":4},"end":{"line":175,"column":17}},"70":{"start":{"line":177,"column":2},"end":{"line":180,"column":3}},"71":{"start":{"line":178,"column":4},"end":{"line":178,"column":114}},"72":{"start":{"line":178,"column":27},"end":{"line":178,"column":112}},"73":{"start":{"line":179,"column":4},"end":{"line":179,"column":32}},"74":{"start":{"line":181,"column":2},"end":{"line":184,"column":3}},"75":{"start":{"line":182,"column":4},"end":{"line":182,"column":66}},"76":{"start":{"line":182,"column":27},"end":{"line":182,"column":64}},"77":{"start":{"line":183,"column":4},"end":{"line":183,"column":32}},"78":{"start":{"line":188,"column":2},"end":{"line":188,"column":35}},"79":{"start":{"line":189,"column":2},"end":{"line":189,"column":49}},"80":{"start":{"line":189,"column":28},"end":{"line":189,"column":47}},"81":{"start":{"line":190,"column":22},"end":{"line":190,"column":65}},"82":{"start":{"line":191,"column":2},"end":{"line":191,"column":89}},"83":{"start":{"line":191,"column":35},"end":{"line":191,"column":87}},"84":{"start":{"line":196,"column":19},"end":{"line":196,"column":57}},"85":{"start":{"line":197,"column":0},"end":{"line":197,"column":53}},"86":{"start":{"line":200,"column":2},"end":{"line":200,"column":25}},"87":{"start":{"line":201,"column":15},"end":{"line":201,"column":54}},"88":{"start":{"line":202,"column":2},"end":{"line":202,"column":21}},"89":{"start":{"line":203,"column":16},"end":{"line":203,"column":29}},"90":{"start":{"line":204,"column":2},"end":{"line":204,"column":80}},"91":{"start":{"line":204,"column":36},"end":{"line":204,"column":78}},"92":{"start":{"line":205,"column":2},"end":{"line":205,"column":29}},"93":{"start":{"line":208,"column":0},"end":{"line":208,"column":13}},"94":{"start":{"line":210,"column":0},"end":{"line":214,"column":1}},"95":{"start":{"line":211,"column":2},"end":{"line":211,"column":178}},"96":{"start":{"line":213,"column":2},"end":{"line":213,"column":65}}},"fnMap":{"0":{"name":"getRandomGif","decl":{"start":{"line":41,"column":15},"end":{"line":41,"column":27}},"loc":{"start":{"line":41,"column":30},"end":{"line":61,"column":1}},"line":41},"1":{"name":"(anonymous_1)","decl":{"start":{"line":50,"column":32},"end":{"line":50,"column":33}},"loc":{"start":{"line":51,"column":6},"end":{"line":51,"column":47}},"line":51},"2":{"name":"revealForm","decl":{"start":{"line":74,"column":9},"end":{"line":74,"column":19}},"loc":{"start":{"line":74,"column":22},"end":{"line":76,"column":1}},"line":74},"3":{"name":"hideForm","decl":{"start":{"line":80,"column":9},"end":{"line":80,"column":17}},"loc":{"start":{"line":80,"column":20},"end":{"line":82,"column":1}},"line":80},"4":{"name":"sendForm","decl":{"start":{"line":86,"column":15},"end":{"line":86,"column":23}},"loc":{"start":{"line":86,"column":31},"end":{"line":118,"column":1}},"line":86},"5":{"name":"getJournalData","decl":{"start":{"line":122,"column":15},"end":{"line":122,"column":29}},"loc":{"start":{"line":122,"column":32},"end":{"line":130,"column":1}},"line":122},"6":{"name":"appendBody","decl":{"start":{"line":132,"column":15},"end":{"line":132,"column":25}},"loc":{"start":{"line":132,"column":28},"end":{"line":145,"column":1}},"line":132},"7":{"name":"(anonymous_7)","decl":{"start":{"line":137,"column":21},"end":{"line":137,"column":22}},"loc":{"start":{"line":137,"column":31},"end":{"line":137,"column":50}},"line":137},"8":{"name":"(anonymous_8)","decl":{"start":{"line":139,"column":26},"end":{"line":139,"column":27}},"loc":{"start":{"line":140,"column":6},"end":{"line":140,"column":58}},"line":140},"9":{"name":"redirectToEntryPage","decl":{"start":{"line":147,"column":9},"end":{"line":147,"column":28}},"loc":{"start":{"line":147,"column":36},"end":{"line":152,"column":1}},"line":147},"10":{"name":"createJournal","decl":{"start":{"line":154,"column":9},"end":{"line":154,"column":22}},"loc":{"start":{"line":154,"column":29},"end":{"line":165,"column":1}},"line":154},"11":{"name":"sortResults","decl":{"start":{"line":171,"column":9},"end":{"line":171,"column":20}},"loc":{"start":{"line":171,"column":27},"end":{"line":185,"column":1}},"line":171},"12":{"name":"(anonymous_12)","decl":{"start":{"line":178,"column":18},"end":{"line":178,"column":19}},"loc":{"start":{"line":178,"column":27},"end":{"line":178,"column":112}},"line":178},"13":{"name":"(anonymous_13)","decl":{"start":{"line":182,"column":18},"end":{"line":182,"column":19}},"loc":{"start":{"line":182,"column":27},"end":{"line":182,"column":64}},"line":182},"14":{"name":"addJournalsToPage","decl":{"start":{"line":187,"column":9},"end":{"line":187,"column":26}},"loc":{"start":{"line":187,"column":35},"end":{"line":192,"column":1}},"line":187},"15":{"name":"(anonymous_15)","decl":{"start":{"line":189,"column":18},"end":{"line":189,"column":19}},"loc":{"start":{"line":189,"column":28},"end":{"line":189,"column":47}},"line":189},"16":{"name":"(anonymous_16)","decl":{"start":{"line":191,"column":24},"end":{"line":191,"column":25}},"loc":{"start":{"line":191,"column":35},"end":{"line":191,"column":87}},"line":191},"17":{"name":"filterResults","decl":{"start":{"line":199,"column":9},"end":{"line":199,"column":22}},"loc":{"start":{"line":199,"column":29},"end":{"line":206,"column":1}},"line":199},"18":{"name":"(anonymous_18)","decl":{"start":{"line":204,"column":27},"end":{"line":204,"column":28}},"loc":{"start":{"line":204,"column":36},"end":{"line":204,"column":78}},"line":204}},"branchMap":{"0":{"loc":{"start":{"line":88,"column":2},"end":{"line":92,"column":3}},"type":"if","locations":[{"start":{"line":88,"column":2},"end":{"line":92,"column":3}},{"start":{"line":88,"column":2},"end":{"line":92,"column":3}}],"line":88},"1":{"loc":{"start":{"line":174,"column":2},"end":{"line":176,"column":3}},"type":"if","locations":[{"start":{"line":174,"column":2},"end":{"line":176,"column":3}},{"start":{"line":174,"column":2},"end":{"line":176,"column":3}}],"line":174},"2":{"loc":{"start":{"line":177,"column":2},"end":{"line":180,"column":3}},"type":"if","locations":[{"start":{"line":177,"column":2},"end":{"line":180,"column":3}},{"start":{"line":177,"column":2},"end":{"line":180,"column":3}}],"line":177},"3":{"loc":{"start":{"line":181,"column":2},"end":{"line":184,"column":3}},"type":"if","locations":[{"start":{"line":181,"column":2},"end":{"line":184,"column":3}},{"start":{"line":181,"column":2},"end":{"line":184,"column":3}}],"line":181}},"s":{"0":1,"1":1,"2":1,"3":1,"4":1,"5":1,"6":1,"7":1,"8":1,"9":1,"10":1,"11":1,"12":2,"13":1,"14":0,"15":0,"16":0,"17":1,"18":1,"19":1,"20":1,"21":1,"22":1,"23":1,"24":1,"25":1,"26":1,"27":1,"28":1,"29":1,"30":0,"31":1,"32":1,"33":0,"34":0,"35":0,"36":0,"37":0,"38":1,"39":1,"40":3,"41":3,"42":3,"43":0,"44":3,"45":2,"46":2,"47":2,"48":2,"49":0,"50":0,"51":0,"52":0,"53":0,"54":2,"55":0,"56":0,"57":0,"58":0,"59":1,"60":1,"61":1,"62":1,"63":1,"64":1,"65":1,"66":1,"67":1,"68":1,"69":0,"70":1,"71":0,"72":0,"73":0,"74":1,"75":0,"76":0,"77":0,"78":0,"79":0,"80":0,"81":0,"82":0,"83":0,"84":1,"85":1,"86":1,"87":1,"88":1,"89":1,"90":0,"91":0,"92":0,"93":1,"94":1,"95":1,"96":0},"f":{"0":1,"1":2,"2":1,"3":1,"4":1,"5":3,"6":2,"7":0,"8":0,"9":0,"10":1,"11":1,"12":0,"13":0,"14":0,"15":0,"16":0,"17":1,"18":0},"b":{"0":[0,1],"1":[0,1],"2":[0,1],"3":[0,1]},"_coverageSchema":"1a1c01bbd47fc00a2c39e90264f33305004495a9","hash":"575b9e6ba90c5a7e715df6d73257da29c737c360"}
}
