TN:
SF:entry.js
FN:12,goHome
FN:29,postComment
FN:54,(anonymous_2)
FN:60,getJournalWithId
FN:77,(anonymous_4)
FN:83,createComment
FN:91,renderInteractionBar
FN:98,(anonymous_7)
FN:102,(anonymous_8)
FN:106,(anonymous_9)
FN:120,incrementCount
FN:149,changeInnerHTML
FN:161,sendEmojiUpdate
FNF:13
FNH:7
FNDA:0,goHome
FNDA:1,postComment
FNDA:0,(anonymous_2)
FNDA:2,getJournalWithId
FNDA:0,(anonymous_4)
FNDA:1,createComment
FNDA:1,renderInteractionBar
FNDA:0,(anonymous_7)
FNDA:0,(anonymous_8)
FNDA:0,(anonymous_9)
FNDA:1,incrementCount
FNDA:2,changeInnerHTML
FNDA:1,sendEmojiUpdate
DA:3,1
DA:4,1
DA:6,1
DA:7,1
DA:9,1
DA:10,1
DA:13,0
DA:14,0
DA:17,1
DA:19,1
DA:21,1
DA:22,1
DA:24,1
DA:25,1
DA:26,1
DA:30,1
DA:31,1
DA:32,1
DA:35,1
DA:43,1
DA:47,1
DA:50,0
DA:51,0
DA:52,0
DA:53,0
DA:54,0
DA:55,0
DA:61,2
DA:62,2
DA:63,2
DA:64,0
DA:65,0
DA:66,0
DA:67,0
DA:68,0
DA:70,0
DA:71,0
DA:72,0
DA:73,0
DA:76,0
DA:77,0
DA:78,0
DA:84,1
DA:85,1
DA:86,1
DA:92,1
DA:93,1
DA:94,1
DA:96,1
DA:97,1
DA:98,1
DA:100,1
DA:101,1
DA:102,1
DA:104,1
DA:105,1
DA:106,1
DA:108,1
DA:109,1
DA:110,0
DA:112,1
DA:116,1
DA:117,1
DA:118,1
DA:122,1
DA:123,1
DA:124,1
DA:125,0
DA:126,0
DA:127,0
DA:132,0
DA:133,0
DA:134,0
DA:135,0
DA:136,0
DA:137,0
DA:140,0
DA:141,0
DA:142,0
DA:143,0
DA:144,0
DA:145,0
DA:150,2
DA:151,2
DA:152,1
DA:153,1
DA:154,1
DA:158,1
DA:162,1
DA:163,1
DA:166,1
DA:174,1
DA:178,1
DA:179,0
DA:183,1
DA:184,1
LF:96
LH:59
BRDA:70,0,0,0
BRDA:70,0,1,0
BRDA:109,1,0,0
BRDA:109,1,1,1
BRDA:122,2,0,1
BRDA:122,2,1,0
BRDA:122,3,0,1
BRDA:122,3,1,1
BRDA:132,4,0,0
BRDA:132,4,1,0
BRDA:132,5,0,0
BRDA:132,5,1,0
BRDA:140,6,0,0
BRDA:140,6,1,0
BRDA:140,7,0,0
BRDA:140,7,1,0
BRF:16
BRH:4
end_of_record
TN:
SF:home.js
FN:41,getRandomGif
FN:50,(anonymous_1)
FN:74,revealForm
FN:80,hideForm
FN:86,sendForm
FN:122,getJournalData
FN:132,appendBody
FN:137,(anonymous_7)
FN:139,(anonymous_8)
FN:147,redirectToEntryPage
FN:154,createJournal
FN:171,sortResults
FN:178,(anonymous_12)
FN:182,(anonymous_13)
FN:187,addJournalsToPage
FN:189,(anonymous_15)
FN:191,(anonymous_16)
FN:199,filterResults
FN:204,(anonymous_18)
FNF:19
FNH:10
FNDA:1,getRandomGif
FNDA:2,(anonymous_1)
FNDA:1,revealForm
FNDA:1,hideForm
FNDA:1,sendForm
FNDA:3,getJournalData
FNDA:2,appendBody
FNDA:0,(anonymous_7)
FNDA:0,(anonymous_8)
FNDA:0,redirectToEntryPage
FNDA:1,createJournal
FNDA:1,sortResults
FNDA:0,(anonymous_12)
FNDA:0,(anonymous_13)
FNDA:0,addJournalsToPage
FNDA:0,(anonymous_15)
FNDA:0,(anonymous_16)
FNDA:1,filterResults
FNDA:0,(anonymous_18)
DA:20,1
DA:35,1
DA:36,1
DA:37,1
DA:38,1
DA:39,1
DA:42,1
DA:43,1
DA:44,1
DA:45,1
DA:46,1
DA:50,1
DA:51,2
DA:54,1
DA:55,0
DA:56,0
DA:57,0
DA:59,1
DA:65,1
DA:66,1
DA:67,1
DA:68,1
DA:70,1
DA:72,1
DA:75,1
DA:78,1
DA:81,1
DA:84,1
DA:87,1
DA:88,1
DA:89,0
DA:93,1
DA:94,1
DA:102,0
DA:108,0
DA:112,0
DA:113,0
DA:114,0
DA:116,1
DA:120,1
DA:123,3
DA:124,3
DA:125,3
DA:126,0
DA:128,3
DA:133,2
DA:134,2
DA:135,2
DA:136,2
DA:137,0
DA:138,0
DA:139,0
DA:140,0
DA:143,2
DA:148,0
DA:149,0
DA:150,0
DA:151,0
DA:155,1
DA:156,1
DA:157,1
DA:163,1
DA:164,1
DA:168,1
DA:169,1
DA:172,1
DA:173,1
DA:174,1
DA:175,0
DA:177,1
DA:178,0
DA:179,0
DA:181,1
DA:182,0
DA:183,0
DA:188,0
DA:189,0
DA:190,0
DA:191,0
DA:196,1
DA:197,1
DA:200,1
DA:201,1
DA:202,1
DA:203,1
DA:204,0
DA:205,0
DA:208,1
DA:210,1
DA:211,1
DA:213,0
LF:91
LH:61
BRDA:88,0,0,0
BRDA:88,0,1,1
BRDA:174,1,0,0
BRDA:174,1,1,1
BRDA:177,2,0,0
BRDA:177,2,1,1
BRDA:181,3,0,0
BRDA:181,3,1,1
BRF:8
BRH:4
end_of_record
